mode: set
bitcask/bitcask.go:42.69,43.58 1 1
bitcask/bitcask.go:47.2,49.19 3 1
bitcask/bitcask.go:55.2,56.25 2 1
bitcask/bitcask.go:73.2,75.16 2 1
bitcask/bitcask.go:43.58,45.3 1 1
bitcask/bitcask.go:49.19,51.3 1 1
bitcask/bitcask.go:51.8,53.3 1 1
bitcask/bitcask.go:56.25,58.3 1 1
bitcask/bitcask.go:58.8,58.31 1 1
bitcask/bitcask.go:58.31,59.27 1 1
bitcask/bitcask.go:59.27,61.4 1 1
bitcask/bitcask.go:62.8,63.28 1 1
bitcask/bitcask.go:69.3,70.19 2 1
bitcask/bitcask.go:63.28,65.4 1 1
bitcask/bitcask.go:65.9,67.4 1 1
bitcask/bitcask.go:82.52,83.16 1 1
bitcask/bitcask.go:86.2,90.52 4 1
bitcask/bitcask.go:83.16,85.3 1 1
bitcask/bitcask.go:90.52,93.3 1 1
bitcask/bitcask.go:93.8,93.47 1 1
bitcask/bitcask.go:93.47,95.3 1 1
bitcask/bitcask.go:95.8,99.17 4 1
bitcask/bitcask.go:103.3,104.17 2 1
bitcask/bitcask.go:108.3,109.19 2 1
bitcask/bitcask.go:99.17,101.4 1 1
bitcask/bitcask.go:104.17,107.4 1 1
bitcask/bitcask.go:115.49,116.32 1 1
bitcask/bitcask.go:120.2,120.32 1 1
bitcask/bitcask.go:124.2,125.26 2 1
bitcask/bitcask.go:139.2,139.12 1 1
bitcask/bitcask.go:116.32,118.3 1 1
bitcask/bitcask.go:120.32,122.3 1 1
bitcask/bitcask.go:125.26,126.49 1 1
bitcask/bitcask.go:126.49,129.4 1 1
bitcask/bitcask.go:129.9,131.4 1 1
bitcask/bitcask.go:133.8,137.3 3 1
bitcask/bitcask.go:146.45,147.16 1 1
bitcask/bitcask.go:151.2,151.32 1 1
bitcask/bitcask.go:155.2,162.12 5 1
bitcask/bitcask.go:147.16,149.3 1 1
bitcask/bitcask.go:151.32,153.3 1 1
bitcask/bitcask.go:166.40,171.29 3 1
bitcask/bitcask.go:175.2,175.15 1 1
bitcask/bitcask.go:171.29,173.3 1 1
bitcask/bitcask.go:178.72,179.29 1 1
bitcask/bitcask.go:184.2,184.12 1 1
bitcask/bitcask.go:179.29,182.3 2 1
bitcask/bitcask.go:192.34,193.32 1 1
bitcask/bitcask.go:197.2,204.37 6 1
bitcask/bitcask.go:222.2,226.12 3 1
bitcask/bitcask.go:193.32,195.3 1 1
bitcask/bitcask.go:204.37,205.44 1 1
bitcask/bitcask.go:205.44,218.4 6 1
bitcask/bitcask.go:218.9,220.4 1 1
bitcask/bitcask.go:236.33,237.32 1 1
bitcask/bitcask.go:241.2,241.36 1 1
bitcask/bitcask.go:248.2,248.12 1 1
bitcask/bitcask.go:237.32,239.3 1 1
bitcask/bitcask.go:241.36,246.3 4 1
bitcask/bitcask.go:251.28,252.31 1 1
bitcask/bitcask.go:261.2,261.43 1 1
bitcask/bitcask.go:252.31,257.3 4 1
bitcask/bitcask.go:257.8,259.3 1 1
bitcask/bitcask_helpers.go:15.78,20.28 4 1
bitcask/bitcask_helpers.go:25.2,26.16 2 1
bitcask/bitcask_helpers.go:32.2,42.16 2 1
bitcask/bitcask_helpers.go:20.28,22.3 1 1
bitcask/bitcask_helpers.go:26.16,28.3 1 1
bitcask/bitcask_helpers.go:28.8,30.3 1 1
bitcask/bitcask_helpers.go:45.38,48.37 2 1
bitcask/bitcask_helpers.go:48.37,55.3 5 1
bitcask/bitcask_helpers.go:58.48,65.21 6 1
bitcask/bitcask_helpers.go:83.2,83.15 1 1
bitcask/bitcask_helpers.go:65.21,81.3 8 1
bitcask/bitcask_helpers.go:86.46,95.2 4 1
bitcask/bitcask_helpers.go:97.46,98.42 1 1
bitcask/bitcask_helpers.go:101.2,101.12 1 1
bitcask/bitcask_helpers.go:98.42,100.3 1 1
bitcask/bitcask_helpers.go:104.59,107.2 1 1
bitcask/bitcask_helpers.go:109.76,127.2 12 1
bitcask/bitcask_helpers.go:129.118,136.2 1 1
bitcask/bitcask_helpers.go:138.97,139.58 1 1
bitcask/bitcask_helpers.go:145.2,149.22 4 1
bitcask/bitcask_helpers.go:139.58,144.3 3 1
bitcask/bitcask_helpers.go:152.62,153.32 1 1
bitcask/bitcask_helpers.go:153.32,155.3 1 1
bitcask/bitcask_helpers.go:158.46,162.33 3 1
bitcask/bitcask_helpers.go:170.2,170.18 1 1
bitcask/bitcask_helpers.go:162.33,163.51 1 1
bitcask/bitcask_helpers.go:163.51,165.4 1 1
bitcask/bitcask_helpers.go:165.9,165.59 1 1
bitcask/bitcask_helpers.go:165.59,167.4 1 1
bitcask/errors.go:12.38,14.2 1 1
